
> terminal-app@0.1.0 build
> next build

▲ Next.js 16.1.6 (Turbopack)

  Creating an optimized production build ...
✓ Compiled successfully in 8.3s
  Running TypeScript ...
  Collecting page data using 3 workers ...
  Generating static pages using 3 workers (0/15) ...
  Generating static pages using 3 workers (3/15) 
  Generating static pages using 3 workers (7/15) 
  Generating static pages using 3 workers (11/15) 
✓ Generating static pages using 3 workers (15/15) in 418.8ms
  Finalizing page optimization ...

Route (app)
┌ ○ /
├ ○ /_not-found
├ ƒ /api/curl
├ ƒ /api/define
├ ƒ /api/dns
├ ƒ /api/geo
├ ƒ /api/github
├ ƒ /api/ip
├ ƒ /api/ping
├ ƒ /api/shorten
├ ƒ /api/stock
├ ƒ /api/translate
└ ƒ /api/weather


○  (Static)   prerendered as static content
ƒ  (Dynamic)  server-rendered on demand

